<?xml version="1.0" encoding="UTF-8"?>
<testng-results ignored="0" total="1" passed="1" failed="0" skipped="0">
  <reporter-output>
  </reporter-output>
  <suite started-at="2025-03-12T12:14:03 IST" name="DemoTest" finished-at="2025-03-12T12:14:12 IST" duration-ms="9514">
    <groups>
    </groups>
    <test started-at="2025-03-12T12:14:03 IST" name="Checkout" finished-at="2025-03-12T12:14:12 IST" duration-ms="9514">
      <class name="allure.allure">
        <test-method signature="setup()[pri:0, instance:allure.allure@379614be]" started-at="2025-03-12T12:14:03 IST" name="setup" finished-at="2025-03-12T12:14:12 IST" duration-ms="9317" status="PASS">
          <reporter-output>
          </reporter-output>
        </test-method> <!-- setup -->
      </class> <!-- allure.allure -->
    </test> <!-- Checkout -->
  </suite> <!-- DemoTest -->
</testng-results>
